2013/01/29 14:24:19 [error] [exception.CException] exception 'CException' with message 'CAssetManager.basePath "/Applications/MAMP/htdocs/APC/assets" is invalid. Please make sure the directory exists and is writable by the Web server process.' in /Applications/MAMP/htdocs/APC/framework/web/CAssetManager.php:112
Stack trace:
#0 /Applications/MAMP/htdocs/APC/framework/web/CAssetManager.php(97): CAssetManager->setBasePath('/Applications/M...')
#1 /Applications/MAMP/htdocs/APC/framework/web/CAssetManager.php(207): CAssetManager->getBasePath()
#2 /Applications/MAMP/htdocs/APC/framework/zii/widgets/CListView.php(179): CAssetManager->publish('/Applications/M...')
#3 /Applications/MAMP/htdocs/APC/framework/web/CBaseController.php(140): CListView->init()
#4 /Applications/MAMP/htdocs/APC/framework/web/CBaseController.php(165): CBaseController->createWidget('zii.widgets.CLi...', Array)
#5 /Applications/MAMP/htdocs/APC/protected/views/post/index.php(9): CBaseController->widget('zii.widgets.CLi...', Array)
#6 /Applications/MAMP/htdocs/APC/framework/web/CBaseController.php(119): require('/Applications/M...')
#7 /Applications/MAMP/htdocs/APC/framework/web/CBaseController.php(88): CBaseController->renderInternal('/Applications/M...', Array, true)
#8 /Applications/MAMP/htdocs/APC/framework/web/CController.php(866): CBaseController->renderFile('/Applications/M...', Array, true)
#9 /Applications/MAMP/htdocs/APC/framework/web/CController.php(779): CController->renderPartial('index', Array, true)
#10 /Applications/MAMP/htdocs/APC/protected/controllers/PostController.php(136): CController->render('index', Array)
#11 /Applications/MAMP/htdocs/APC/framework/web/actions/CInlineAction.php(50): PostController->actionIndex()
#12 /Applications/MAMP/htdocs/APC/framework/web/CController.php(300): CInlineAction->runWithParams(Array)
#13 /Applications/MAMP/htdocs/APC/framework/web/filters/CFilterChain.php(134): CController->runAction(Object(CInlineAction))
#14 /Applications/MAMP/htdocs/APC/framework/web/filters/CFilter.php(41): CFilterChain->run()
#15 /Applications/MAMP/htdocs/APC/framework/web/CController.php(1144): CFilter->filter(Object(CFilterChain))
#16 /Applications/MAMP/htdocs/APC/framework/web/filters/CInlineFilter.php(59): CController->filterAccessControl(Object(CFilterChain))
#17 /Applications/MAMP/htdocs/APC/framework/web/filters/CFilterChain.php(131): CInlineFilter->filter(Object(CFilterChain))
#18 /Applications/MAMP/htdocs/APC/framework/web/CController.php(283): CFilterChain->run()
#19 /Applications/MAMP/htdocs/APC/framework/web/CController.php(257): CController->runActionWithFilters(Object(CInlineAction), Array)
#20 /Applications/MAMP/htdocs/APC/framework/web/CWebApplication.php(277): CController->run('')
#21 /Applications/MAMP/htdocs/APC/framework/web/CWebApplication.php(136): CWebApplication->runController('')
#22 /Applications/MAMP/htdocs/APC/framework/base/CApplication.php(158): CWebApplication->processRequest()
#23 /Applications/MAMP/htdocs/APC/index.php(12): CApplication->run()
#24 {main} REQUEST_URI=/APC/
